CRITICAL - 2024-12-17 00:23:52 --> Error: Access to undeclared static property CodeIgniter\Controller::$instance
in SYSTEMPATH\Controller.php on line 88.
 1 SYSTEMPATH\CodeIgniter.php(913): CodeIgniter\Controller->__construct()
 2 SYSTEMPATH\CodeIgniter.php(493): CodeIgniter\CodeIgniter->createController()
 3 SYSTEMPATH\CodeIgniter.php(361): CodeIgniter\CodeIgniter->handleRequest(null, Object(Config\Cache), false)
 4 FCPATH\index.php(79): CodeIgniter\CodeIgniter->run()
CRITICAL - 2024-12-17 00:24:34 --> Error: Call to undefined function CodeIgniter\is_loaded()
in SYSTEMPATH\Controller.php on line 100.
 1 SYSTEMPATH\CodeIgniter.php(913): CodeIgniter\Controller->__construct()
 2 SYSTEMPATH\CodeIgniter.php(493): CodeIgniter\CodeIgniter->createController()
 3 SYSTEMPATH\CodeIgniter.php(361): CodeIgniter\CodeIgniter->handleRequest(null, Object(Config\Cache), false)
 4 FCPATH\index.php(79): CodeIgniter\CodeIgniter->run()
CRITICAL - 2024-12-17 00:37:19 --> Error: Call to undefined function App\Controllers\vista()
in APPPATH\Controllers\Home.php on line 16.
 1 SYSTEMPATH\CodeIgniter.php(941): App\Controllers\Home->prueba()
 2 SYSTEMPATH\CodeIgniter.php(502): CodeIgniter\CodeIgniter->runController(Object(App\Controllers\Home))
 3 SYSTEMPATH\CodeIgniter.php(361): CodeIgniter\CodeIgniter->handleRequest(null, Object(Config\Cache), false)
 4 FCPATH\index.php(79): CodeIgniter\CodeIgniter->run()
CRITICAL - 2024-12-17 00:37:41 --> TypeError: view(): Argument #2 ($data) must be of type array, string given, called in C:\xampp\htdocs\hope\app\Controllers\BaseController.php on line 61
in SYSTEMPATH\Common.php on line 1166.
 1 APPPATH\Controllers\BaseController.php(61): view('prueba', '')
 2 APPPATH\Controllers\Home.php(16): App\Controllers\BaseController->vista('prueba')
 3 SYSTEMPATH\CodeIgniter.php(941): App\Controllers\Home->prueba()
 4 SYSTEMPATH\CodeIgniter.php(502): CodeIgniter\CodeIgniter->runController(Object(App\Controllers\Home))
 5 SYSTEMPATH\CodeIgniter.php(361): CodeIgniter\CodeIgniter->handleRequest(null, Object(Config\Cache), false)
 6 FCPATH\index.php(79): CodeIgniter\CodeIgniter->run()
CRITICAL - 2024-12-17 00:38:16 --> TypeError: view(): Argument #2 ($data) must be of type array, string given, called in C:\xampp\htdocs\hope\app\Controllers\BaseController.php on line 61
in SYSTEMPATH\Common.php on line 1166.
 1 APPPATH\Controllers\BaseController.php(61): view('prueba', '')
 2 APPPATH\Controllers\Home.php(16): App\Controllers\BaseController->vista('prueba')
 3 SYSTEMPATH\CodeIgniter.php(941): App\Controllers\Home->prueba()
 4 SYSTEMPATH\CodeIgniter.php(502): CodeIgniter\CodeIgniter->runController(Object(App\Controllers\Home))
 5 SYSTEMPATH\CodeIgniter.php(361): CodeIgniter\CodeIgniter->handleRequest(null, Object(Config\Cache), false)
 6 FCPATH\index.php(79): CodeIgniter\CodeIgniter->run()
CRITICAL - 2024-12-17 00:38:45 --> Error: Call to undefined function App\Controllers\vista()
in APPPATH\Controllers\Home.php on line 16.
 1 SYSTEMPATH\CodeIgniter.php(941): App\Controllers\Home->prueba()
 2 SYSTEMPATH\CodeIgniter.php(502): CodeIgniter\CodeIgniter->runController(Object(App\Controllers\Home))
 3 SYSTEMPATH\CodeIgniter.php(361): CodeIgniter\CodeIgniter->handleRequest(null, Object(Config\Cache), false)
 4 FCPATH\index.php(79): CodeIgniter\CodeIgniter->run()
CRITICAL - 2024-12-17 00:39:20 --> TypeError: view(): Argument #2 ($data) must be of type array, string given, called in C:\xampp\htdocs\hope\app\Controllers\BaseController.php on line 61
in SYSTEMPATH\Common.php on line 1166.
 1 APPPATH\Controllers\BaseController.php(61): view('prueba', '')
 2 APPPATH\Controllers\Home.php(16): App\Controllers\BaseController->vista('prueba')
 3 SYSTEMPATH\CodeIgniter.php(941): App\Controllers\Home->prueba()
 4 SYSTEMPATH\CodeIgniter.php(502): CodeIgniter\CodeIgniter->runController(Object(App\Controllers\Home))
 5 SYSTEMPATH\CodeIgniter.php(361): CodeIgniter\CodeIgniter->handleRequest(null, Object(Config\Cache), false)
 6 FCPATH\index.php(79): CodeIgniter\CodeIgniter->run()
CRITICAL - 2024-12-17 00:40:01 --> TypeError: view(): Argument #2 ($data) must be of type array, string given, called in C:\xampp\htdocs\hope\app\Controllers\BaseController.php on line 61
in SYSTEMPATH\Common.php on line 1166.
 1 APPPATH\Controllers\BaseController.php(61): view('prueba', '')
 2 APPPATH\Controllers\Home.php(16): App\Controllers\BaseController->vista('prueba')
 3 SYSTEMPATH\CodeIgniter.php(941): App\Controllers\Home->prueba()
 4 SYSTEMPATH\CodeIgniter.php(502): CodeIgniter\CodeIgniter->runController(Object(App\Controllers\Home))
 5 SYSTEMPATH\CodeIgniter.php(361): CodeIgniter\CodeIgniter->handleRequest(null, Object(Config\Cache), false)
 6 FCPATH\index.php(79): CodeIgniter\CodeIgniter->run()
